<?xml version="1.0" encoding="UTF-8"?>
<!-- Generated by org.testng.reporters.JUnitXMLReporter -->
<testsuite hostname="C02R4R09FVH5" ignored="0" name="Default test" tests="3" failures="0" timestamp="20 Jan 2020 17:13:24 GMT" time="24.781" errors="0">
  <testcase name="getCharactersWithDescription" time="18.392" classname="MarvelApi.com.marvel.api.marvelApiTesting"/>
  <testcase name="getCharactersListFromSeriesId" time="4.354" classname="MarvelApi.com.marvel.api.marvelApiTesting"/>
  <testcase name="storieshavingCharactersWithoutDescription" time="1.988" classname="MarvelApi.com.marvel.api.marvelApiTesting"/>
</testsuite> <!-- Default test -->
